  winMain.cpp
c:\users\newki\onedrive\문서\visual studio 2015\sga\181001_directx9\windirect\winapi\commonmacrofunction.h(207): warning C4244: '초기화 중': 'LONG'에서 'float'(으)로 변환하면서 데이터가 손실될 수 있습니다.
c:\users\newki\onedrive\문서\visual studio 2015\sga\181001_directx9\windirect\winapi\winmain.cpp(161): warning C4244: 'return': 'WPARAM'에서 'int'(으)로 변환하면서 데이터가 손실될 수 있습니다.
  utils.cpp
c:\users\newki\onedrive\문서\visual studio 2015\sga\181001_directx9\windirect\winapi\commonmacrofunction.h(207): warning C4244: '초기화 중': 'LONG'에서 'float'(으)로 변환하면서 데이터가 손실될 수 있습니다.
  txtDataManager.cpp
c:\users\newki\onedrive\문서\visual studio 2015\sga\181001_directx9\windirect\winapi\commonmacrofunction.h(207): warning C4244: '초기화 중': 'LONG'에서 'float'(으)로 변환하면서 데이터가 손실될 수 있습니다.
c:\users\newki\onedrive\문서\visual studio 2015\sga\181001_directx9\windirect\winapi\txtdatamanager.cpp(29): warning C4267: '인수': 'size_t'에서 'DWORD'(으)로 변환하면서 데이터가 손실될 수 있습니다.
  timer.cpp
c:\users\newki\onedrive\문서\visual studio 2015\sga\181001_directx9\windirect\winapi\commonmacrofunction.h(207): warning C4244: '초기화 중': 'LONG'에서 'float'(으)로 변환하면서 데이터가 손실될 수 있습니다.
  timeManager.cpp
c:\users\newki\onedrive\문서\visual studio 2015\sga\181001_directx9\windirect\winapi\commonmacrofunction.h(207): warning C4244: '초기화 중': 'LONG'에서 'float'(으)로 변환하면서 데이터가 손실될 수 있습니다.
c:\users\newki\onedrive\문서\visual studio 2015\sga\181001_directx9\windirect\winapi\timemanager.cpp(49): warning C4267: '인수': 'size_t'에서 'int'(으)로 변환하면서 데이터가 손실될 수 있습니다.
  stdafx.cpp
c:\users\newki\onedrive\문서\visual studio 2015\sga\181001_directx9\windirect\winapi\commonmacrofunction.h(207): warning C4244: '초기화 중': 'LONG'에서 'float'(으)로 변환하면서 데이터가 손실될 수 있습니다.
  soundManager.cpp
  sceneManager.cpp
c:\users\newki\onedrive\문서\visual studio 2015\sga\181001_directx9\windirect\winapi\commonmacrofunction.h(207): warning C4244: '초기화 중': 'LONG'에서 'float'(으)로 변환하면서 데이터가 손실될 수 있습니다.
  progressBar.cpp
c:\users\newki\onedrive\문서\visual studio 2015\sga\181001_directx9\windirect\winapi\commonmacrofunction.h(207): warning C4244: '초기화 중': 'LONG'에서 'float'(으)로 변환하면서 데이터가 손실될 수 있습니다.
c:\users\newki\onedrive\문서\visual studio 2015\sga\181001_directx9\windirect\winapi\progressbar.cpp(52): warning C4244: '인수': 'int'에서 'float'(으)로 변환하면서 데이터가 손실될 수 있습니다.
c:\users\newki\onedrive\문서\visual studio 2015\sga\181001_directx9\windirect\winapi\progressbar.cpp(53): warning C4244: '인수': 'int'에서 'float'(으)로 변환하면서 데이터가 손실될 수 있습니다.
c:\users\newki\onedrive\문서\visual studio 2015\sga\181001_directx9\windirect\winapi\progressbar.cpp(55): warning C4244: '=': 'int'에서 'float'(으)로 변환하면서 데이터가 손실될 수 있습니다.
c:\users\newki\onedrive\문서\visual studio 2015\sga\181001_directx9\windirect\winapi\progressbar.cpp(78): warning C4244: '인수': 'float'에서 'int'(으)로 변환하면서 데이터가 손실될 수 있습니다.
  mainGame.cpp
c:\users\newki\onedrive\문서\visual studio 2015\sga\181001_directx9\windirect\winapi\commonmacrofunction.h(207): warning C4244: '초기화 중': 'LONG'에서 'float'(으)로 변환하면서 데이터가 손실될 수 있습니다.
  loading.cpp
c:\users\newki\onedrive\문서\visual studio 2015\sga\181001_directx9\windirect\winapi\commonmacrofunction.h(207): warning C4244: '초기화 중': 'LONG'에서 'float'(으)로 변환하면서 데이터가 손실될 수 있습니다.
c:\users\newki\onedrive\문서\visual studio 2015\sga\181001_directx9\windirect\winapi\loading.cpp(27): warning C4800: 'BOOL': 'true' 또는 'false'로 bool 값을 강제하고 있습니다(성능 경고).
c:\users\newki\onedrive\문서\visual studio 2015\sga\181001_directx9\windirect\winapi\loading.cpp(45): warning C4800: 'BOOL': 'true' 또는 'false'로 bool 값을 강제하고 있습니다(성능 경고).
c:\users\newki\onedrive\문서\visual studio 2015\sga\181001_directx9\windirect\winapi\loading.cpp(63): warning C4800: 'BOOL': 'true' 또는 'false'로 bool 값을 강제하고 있습니다(성능 경고).
c:\users\newki\onedrive\문서\visual studio 2015\sga\181001_directx9\windirect\winapi\loading.cpp(77): warning C4244: '=': 'float'에서 'int'(으)로 변환하면서 데이터가 손실될 수 있습니다.
c:\users\newki\onedrive\문서\visual studio 2015\sga\181001_directx9\windirect\winapi\loading.cpp(78): warning C4244: '=': 'float'에서 'int'(으)로 변환하면서 데이터가 손실될 수 있습니다.
c:\users\newki\onedrive\문서\visual studio 2015\sga\181001_directx9\windirect\winapi\loading.cpp(83): warning C4800: 'BOOL': 'true' 또는 'false'로 bool 값을 강제하고 있습니다(성능 경고).
c:\users\newki\onedrive\문서\visual studio 2015\sga\181001_directx9\windirect\winapi\loading.cpp(97): warning C4800: 'BOOL': 'true' 또는 'false'로 bool 값을 강제하고 있습니다(성능 경고).
c:\users\newki\onedrive\문서\visual studio 2015\sga\181001_directx9\windirect\winapi\loading.cpp(113): warning C4800: 'BOOL': 'true' 또는 'false'로 bool 값을 강제하고 있습니다(성능 경고).
c:\users\newki\onedrive\문서\visual studio 2015\sga\181001_directx9\windirect\winapi\loading.cpp(206): warning C4244: '인수': 'float'에서 'int'(으)로 변환하면서 데이터가 손실될 수 있습니다.
c:\users\newki\onedrive\문서\visual studio 2015\sga\181001_directx9\windirect\winapi\loading.cpp(314): warning C4244: '인수': 'int'에서 'float'(으)로 변환하면서 데이터가 손실될 수 있습니다.
c:\users\newki\onedrive\문서\visual studio 2015\sga\181001_directx9\windirect\winapi\loading.cpp(324): warning C4244: '인수': 'int'에서 'float'(으)로 변환하면서 데이터가 손실될 수 있습니다.
  keyManager.cpp
c:\users\newki\onedrive\문서\visual studio 2015\sga\181001_directx9\windirect\winapi\commonmacrofunction.h(207): warning C4244: '초기화 중': 'LONG'에서 'float'(으)로 변환하면서 데이터가 손실될 수 있습니다.
  iniData.cpp
c:\users\newki\onedrive\문서\visual studio 2015\sga\181001_directx9\windirect\winapi\commonmacrofunction.h(207): warning C4244: '초기화 중': 'LONG'에서 'float'(으)로 변환하면서 데이터가 손실될 수 있습니다.
  imagePlusManager.cpp
c:\users\newki\onedrive\문서\visual studio 2015\sga\181001_directx9\windirect\winapi\commonmacrofunction.h(207): warning C4244: '초기화 중': 'LONG'에서 'float'(으)로 변환하면서 데이터가 손실될 수 있습니다.
c:\users\newki\onedrive\문서\visual studio 2015\sga\181001_directx9\windirect\winapi\imageplusmanager.cpp(21): warning C4800: 'BOOL': 'true' 또는 'false'로 bool 값을 강제하고 있습니다(성능 경고).
c:\users\newki\onedrive\문서\visual studio 2015\sga\181001_directx9\windirect\winapi\imageplusmanager.cpp(39): warning C4800: 'BOOL': 'true' 또는 'false'로 bool 값을 강제하고 있습니다(성능 경고).
c:\users\newki\onedrive\문서\visual studio 2015\sga\181001_directx9\windirect\winapi\imageplusmanager.cpp(56): warning C4800: 'BOOL': 'true' 또는 'false'로 bool 값을 강제하고 있습니다(성능 경고).
  imagePlus.cpp
c:\users\newki\onedrive\문서\visual studio 2015\sga\181001_directx9\windirect\winapi\commonmacrofunction.h(207): warning C4244: '초기화 중': 'LONG'에서 'float'(으)로 변환하면서 데이터가 손실될 수 있습니다.
c:\users\newki\onedrive\문서\visual studio 2015\sga\181001_directx9\windirect\winapi\imageplus.cpp(54): warning C4244: '=': 'int'에서 'float'(으)로 변환하면서 데이터가 손실될 수 있습니다.
c:\users\newki\onedrive\문서\visual studio 2015\sga\181001_directx9\windirect\winapi\imageplus.cpp(55): warning C4244: '=': 'int'에서 'float'(으)로 변환하면서 데이터가 손실될 수 있습니다.
c:\users\newki\onedrive\문서\visual studio 2015\sga\181001_directx9\windirect\winapi\imageplus.cpp(82): warning C4244: '=': 'int'에서 'float'(으)로 변환하면서 데이터가 손실될 수 있습니다.
c:\users\newki\onedrive\문서\visual studio 2015\sga\181001_directx9\windirect\winapi\imageplus.cpp(83): warning C4244: '=': 'int'에서 'float'(으)로 변환하면서 데이터가 손실될 수 있습니다.
c:\users\newki\onedrive\문서\visual studio 2015\sga\181001_directx9\windirect\winapi\imageplus.cpp(126): warning C4244: '인수': 'int'에서 'Gdiplus::REAL'(으)로 변환하면서 데이터가 손실될 수 있습니다.
c:\users\newki\onedrive\문서\visual studio 2015\sga\181001_directx9\windirect\winapi\imageplus.cpp(129): warning C4244: '인수': 'float'에서 'INT'(으)로 변환하면서 데이터가 손실될 수 있습니다.
c:\users\newki\onedrive\문서\visual studio 2015\sga\181001_directx9\windirect\winapi\imageplus.cpp(141): warning C4244: '인수': 'int'에서 'Gdiplus::REAL'(으)로 변환하면서 데이터가 손실될 수 있습니다.
c:\users\newki\onedrive\문서\visual studio 2015\sga\181001_directx9\windirect\winapi\imageplus.cpp(149): warning C4244: '인수': 'int'에서 'Gdiplus::REAL'(으)로 변환하면서 데이터가 손실될 수 있습니다.
c:\users\newki\onedrive\문서\visual studio 2015\sga\181001_directx9\windirect\winapi\imageplus.cpp(162): warning C4244: '인수': 'int'에서 'Gdiplus::REAL'(으)로 변환하면서 데이터가 손실될 수 있습니다.
c:\users\newki\onedrive\문서\visual studio 2015\sga\181001_directx9\windirect\winapi\imageplus.cpp(170): warning C4244: '인수': 'int'에서 'Gdiplus::REAL'(으)로 변환하면서 데이터가 손실될 수 있습니다.
c:\users\newki\onedrive\문서\visual studio 2015\sga\181001_directx9\windirect\winapi\imageplus.cpp(185): warning C4244: '인수': 'int'에서 'Gdiplus::REAL'(으)로 변환하면서 데이터가 손실될 수 있습니다.
c:\users\newki\onedrive\문서\visual studio 2015\sga\181001_directx9\windirect\winapi\imageplus.cpp(193): warning C4244: '인수': 'int'에서 'Gdiplus::REAL'(으)로 변환하면서 데이터가 손실될 수 있습니다.
c:\users\newki\onedrive\문서\visual studio 2015\sga\181001_directx9\windirect\winapi\imageplus.cpp(196): warning C4244: '인수': 'float'에서 'INT'(으)로 변환하면서 데이터가 손실될 수 있습니다.
c:\users\newki\onedrive\문서\visual studio 2015\sga\181001_directx9\windirect\winapi\imageplus.cpp(210): warning C4244: '인수': 'int'에서 'Gdiplus::REAL'(으)로 변환하면서 데이터가 손실될 수 있습니다.
c:\users\newki\onedrive\문서\visual studio 2015\sga\181001_directx9\windirect\winapi\imageplus.cpp(218): warning C4244: '인수': 'int'에서 'Gdiplus::REAL'(으)로 변환하면서 데이터가 손실될 수 있습니다.
c:\users\newki\onedrive\문서\visual studio 2015\sga\181001_directx9\windirect\winapi\imageplus.cpp(222): warning C4244: '인수': 'float'에서 'INT'(으)로 변환하면서 데이터가 손실될 수 있습니다.
c:\users\newki\onedrive\문서\visual studio 2015\sga\181001_directx9\windirect\winapi\imageplus.cpp(234): warning C4244: '인수': 'int'에서 'Gdiplus::REAL'(으)로 변환하면서 데이터가 손실될 수 있습니다.
c:\users\newki\onedrive\문서\visual studio 2015\sga\181001_directx9\windirect\winapi\imageplus.cpp(242): warning C4244: '인수': 'int'에서 'Gdiplus::REAL'(으)로 변환하면서 데이터가 손실될 수 있습니다.
c:\users\newki\onedrive\문서\visual studio 2015\sga\181001_directx9\windirect\winapi\imageplus.cpp(257): warning C4244: '인수': 'int'에서 'Gdiplus::REAL'(으)로 변환하면서 데이터가 손실될 수 있습니다.
c:\users\newki\onedrive\문서\visual studio 2015\sga\181001_directx9\windirect\winapi\imageplus.cpp(265): warning C4244: '인수': 'int'에서 'Gdiplus::REAL'(으)로 변환하면서 데이터가 손실될 수 있습니다.
c:\users\newki\onedrive\문서\visual studio 2015\sga\181001_directx9\windirect\winapi\imageplus.cpp(286): warning C4244: '인수': 'int'에서 'Gdiplus::REAL'(으)로 변환하면서 데이터가 손실될 수 있습니다.
c:\users\newki\onedrive\문서\visual studio 2015\sga\181001_directx9\windirect\winapi\imageplus.cpp(294): warning C4244: '인수': 'int'에서 'Gdiplus::REAL'(으)로 변환하면서 데이터가 손실될 수 있습니다.
c:\users\newki\onedrive\문서\visual studio 2015\sga\181001_directx9\windirect\winapi\imageplus.cpp(297): warning C4244: '인수': 'float'에서 'INT'(으)로 변환하면서 데이터가 손실될 수 있습니다.
c:\users\newki\onedrive\문서\visual studio 2015\sga\181001_directx9\windirect\winapi\imageplus.cpp(327): warning C4244: '인수': 'int'에서 'Gdiplus::REAL'(으)로 변환하면서 데이터가 손실될 수 있습니다.
c:\users\newki\onedrive\문서\visual studio 2015\sga\181001_directx9\windirect\winapi\imageplus.cpp(336): warning C4244: '인수': 'float'에서 'INT'(으)로 변환하면서 데이터가 손실될 수 있습니다.
c:\users\newki\onedrive\문서\visual studio 2015\sga\181001_directx9\windirect\winapi\imageplus.cpp(362): warning C4244: '인수': 'int'에서 'Gdiplus::REAL'(으)로 변환하면서 데이터가 손실될 수 있습니다.
c:\users\newki\onedrive\문서\visual studio 2015\sga\181001_directx9\windirect\winapi\imageplus.cpp(370): warning C4244: '인수': 'int'에서 'Gdiplus::REAL'(으)로 변환하면서 데이터가 손실될 수 있습니다.
c:\users\newki\onedrive\문서\visual studio 2015\sga\181001_directx9\windirect\winapi\imageplus.cpp(409): warning C4244: '인수': 'int'에서 'Gdiplus::REAL'(으)로 변환하면서 데이터가 손실될 수 있습니다.
c:\users\newki\onedrive\문서\visual studio 2015\sga\181001_directx9\windirect\winapi\imageplus.cpp(417): warning C4244: '인수': 'int'에서 'Gdiplus::REAL'(으)로 변환하면서 데이터가 손실될 수 있습니다.
c:\users\newki\onedrive\문서\visual studio 2015\sga\181001_directx9\windirect\winapi\imageplus.cpp(455): warning C4244: '인수': 'int'에서 'Gdiplus::REAL'(으)로 변환하면서 데이터가 손실될 수 있습니다.
c:\users\newki\onedrive\문서\visual studio 2015\sga\181001_directx9\windirect\winapi\imageplus.cpp(463): warning C4244: '인수': 'int'에서 'Gdiplus::REAL'(으)로 변환하면서 데이터가 손실될 수 있습니다.
c:\users\newki\onedrive\문서\visual studio 2015\sga\181001_directx9\windirect\winapi\imageplus.cpp(501): warning C4244: '인수': 'int'에서 'Gdiplus::REAL'(으)로 변환하면서 데이터가 손실될 수 있습니다.
c:\users\newki\onedrive\문서\visual studio 2015\sga\181001_directx9\windirect\winapi\imageplus.cpp(509): warning C4244: '인수': 'int'에서 'Gdiplus::REAL'(으)로 변환하면서 데이터가 손실될 수 있습니다.
c:\users\newki\onedrive\문서\visual studio 2015\sga\181001_directx9\windirect\winapi\imageplus.cpp(517): warning C4244: '인수': 'float'에서 'INT'(으)로 변환하면서 데이터가 손실될 수 있습니다.
c:\users\newki\onedrive\문서\visual studio 2015\sga\181001_directx9\windirect\winapi\imageplus.cpp(548): warning C4244: '인수': 'int'에서 'Gdiplus::REAL'(으)로 변환하면서 데이터가 손실될 수 있습니다.
c:\users\newki\onedrive\문서\visual studio 2015\sga\181001_directx9\windirect\winapi\imageplus.cpp(556): warning C4244: '인수': 'int'에서 'Gdiplus::REAL'(으)로 변환하면서 데이터가 손실될 수 있습니다.
c:\users\newki\onedrive\문서\visual studio 2015\sga\181001_directx9\windirect\winapi\imageplus.cpp(566): warning C4244: '인수': 'float'에서 'INT'(으)로 변환하면서 데이터가 손실될 수 있습니다.
c:\users\newki\onedrive\문서\visual studio 2015\sga\181001_directx9\windirect\winapi\imageplus.cpp(611): warning C4244: '인수': 'int'에서 'Gdiplus::REAL'(으)로 변환하면서 데이터가 손실될 수 있습니다.
c:\users\newki\onedrive\문서\visual studio 2015\sga\181001_directx9\windirect\winapi\imageplus.cpp(637): warning C4244: '인수': 'int'에서 'Gdiplus::REAL'(으)로 변환하면서 데이터가 손실될 수 있습니다.
c:\users\newki\onedrive\문서\visual studio 2015\sga\181001_directx9\windirect\winapi\imageplus.cpp(645): warning C4244: '인수': 'int'에서 'Gdiplus::REAL'(으)로 변환하면서 데이터가 손실될 수 있습니다.
c:\users\newki\onedrive\문서\visual studio 2015\sga\181001_directx9\windirect\winapi\imageplus.cpp(671): warning C4244: '인수': 'int'에서 'Gdiplus::REAL'(으)로 변환하면서 데이터가 손실될 수 있습니다.
c:\users\newki\onedrive\문서\visual studio 2015\sga\181001_directx9\windirect\winapi\imageplus.cpp(679): warning C4244: '인수': 'int'에서 'Gdiplus::REAL'(으)로 변환하면서 데이터가 손실될 수 있습니다.
c:\users\newki\onedrive\문서\visual studio 2015\sga\181001_directx9\windirect\winapi\imageplus.cpp(705): warning C4244: '인수': 'int'에서 'Gdiplus::REAL'(으)로 변환하면서 데이터가 손실될 수 있습니다.
c:\users\newki\onedrive\문서\visual studio 2015\sga\181001_directx9\windirect\winapi\imageplus.cpp(713): warning C4244: '인수': 'int'에서 'Gdiplus::REAL'(으)로 변환하면서 데이터가 손실될 수 있습니다.
c:\users\newki\onedrive\문서\visual studio 2015\sga\181001_directx9\windirect\winapi\imageplus.cpp(747): warning C4244: '인수': 'int'에서 'Gdiplus::REAL'(으)로 변환하면서 데이터가 손실될 수 있습니다.
c:\users\newki\onedrive\문서\visual studio 2015\sga\181001_directx9\windirect\winapi\imageplus.cpp(750): warning C4244: '인수': 'float'에서 'INT'(으)로 변환하면서 데이터가 손실될 수 있습니다.
c:\users\newki\onedrive\문서\visual studio 2015\sga\181001_directx9\windirect\winapi\imageplus.cpp(776): warning C4244: '인수': 'int'에서 'Gdiplus::REAL'(으)로 변환하면서 데이터가 손실될 수 있습니다.
c:\users\newki\onedrive\문서\visual studio 2015\sga\181001_directx9\windirect\winapi\imageplus.cpp(784): warning C4244: '인수': 'int'에서 'Gdiplus::REAL'(으)로 변환하면서 데이터가 손실될 수 있습니다.
c:\users\newki\onedrive\문서\visual studio 2015\sga\181001_directx9\windirect\winapi\imageplus.cpp(823): warning C4244: '인수': 'int'에서 'Gdiplus::REAL'(으)로 변환하면서 데이터가 손실될 수 있습니다.
c:\users\newki\onedrive\문서\visual studio 2015\sga\181001_directx9\windirect\winapi\imageplus.cpp(831): warning C4244: '인수': 'int'에서 'Gdiplus::REAL'(으)로 변환하면서 데이터가 손실될 수 있습니다.
c:\users\newki\onedrive\문서\visual studio 2015\sga\181001_directx9\windirect\winapi\imageplus.cpp(857): warning C4244: '인수': 'int'에서 'Gdiplus::REAL'(으)로 변환하면서 데이터가 손실될 수 있습니다.
c:\users\newki\onedrive\문서\visual studio 2015\sga\181001_directx9\windirect\winapi\imageplus.cpp(860): warning C4244: '인수': 'float'에서 'INT'(으)로 변환하면서 데이터가 손실될 수 있습니다.
c:\users\newki\onedrive\문서\visual studio 2015\sga\181001_directx9\windirect\winapi\imageplus.cpp(871): warning C4244: '인수': 'int'에서 'Gdiplus::REAL'(으)로 변환하면서 데이터가 손실될 수 있습니다.
c:\users\newki\onedrive\문서\visual studio 2015\sga\181001_directx9\windirect\winapi\imageplus.cpp(879): warning C4244: '인수': 'int'에서 'Gdiplus::REAL'(으)로 변환하면서 데이터가 손실될 수 있습니다.
c:\users\newki\onedrive\문서\visual studio 2015\sga\181001_directx9\windirect\winapi\imageplus.cpp(911): warning C4244: '인수': 'int'에서 'Gdiplus::REAL'(으)로 변환하면서 데이터가 손실될 수 있습니다.
c:\users\newki\onedrive\문서\visual studio 2015\sga\181001_directx9\windirect\winapi\imageplus.cpp(914): warning C4244: '인수': 'float'에서 'INT'(으)로 변환하면서 데이터가 손실될 수 있습니다.
c:\users\newki\onedrive\문서\visual studio 2015\sga\181001_directx9\windirect\winapi\imageplus.cpp(937): warning C4244: '인수': 'int'에서 'Gdiplus::REAL'(으)로 변환하면서 데이터가 손실될 수 있습니다.
c:\users\newki\onedrive\문서\visual studio 2015\sga\181001_directx9\windirect\winapi\imageplus.cpp(945): warning C4244: '인수': 'int'에서 'Gdiplus::REAL'(으)로 변환하면서 데이터가 손실될 수 있습니다.
c:\users\newki\onedrive\문서\visual studio 2015\sga\181001_directx9\windirect\winapi\imageplus.cpp(948): warning C4244: '인수': 'float'에서 'INT'(으)로 변환하면서 데이터가 손실될 수 있습니다.
c:\users\newki\onedrive\문서\visual studio 2015\sga\181001_directx9\windirect\winapi\imageplus.cpp(969): warning C4244: '인수': 'int'에서 'Gdiplus::REAL'(으)로 변환하면서 데이터가 손실될 수 있습니다.
c:\users\newki\onedrive\문서\visual studio 2015\sga\181001_directx9\windirect\winapi\imageplus.cpp(972): warning C4244: '인수': 'float'에서 'INT'(으)로 변환하면서 데이터가 손실될 수 있습니다.
c:\users\newki\onedrive\문서\visual studio 2015\sga\181001_directx9\windirect\winapi\imageplus.cpp(983): warning C4244: '인수': 'int'에서 'Gdiplus::REAL'(으)로 변환하면서 데이터가 손실될 수 있습니다.
c:\users\newki\onedrive\문서\visual studio 2015\sga\181001_directx9\windirect\winapi\imageplus.cpp(991): warning C4244: '인수': 'int'에서 'Gdiplus::REAL'(으)로 변환하면서 데이터가 손실될 수 있습니다.
c:\users\newki\onedrive\문서\visual studio 2015\sga\181001_directx9\windirect\winapi\imageplus.cpp(1024): warning C4244: '인수': 'int'에서 'Gdiplus::REAL'(으)로 변환하면서 데이터가 손실될 수 있습니다.
c:\users\newki\onedrive\문서\visual studio 2015\sga\181001_directx9\windirect\winapi\imageplus.cpp(1027): warning C4244: '인수': 'float'에서 'INT'(으)로 변환하면서 데이터가 손실될 수 있습니다.
c:\users\newki\onedrive\문서\visual studio 2015\sga\181001_directx9\windirect\winapi\imageplus.cpp(1050): warning C4244: '인수': 'int'에서 'Gdiplus::REAL'(으)로 변환하면서 데이터가 손실될 수 있습니다.
c:\users\newki\onedrive\문서\visual studio 2015\sga\181001_directx9\windirect\winapi\imageplus.cpp(1058): warning C4244: '인수': 'int'에서 'Gdiplus::REAL'(으)로 변환하면서 데이터가 손실될 수 있습니다.
c:\users\newki\onedrive\문서\visual studio 2015\sga\181001_directx9\windirect\winapi\imageplus.cpp(1061): warning C4244: '인수': 'float'에서 'INT'(으)로 변환하면서 데이터가 손실될 수 있습니다.
c:\users\newki\onedrive\문서\visual studio 2015\sga\181001_directx9\windirect\winapi\imageplus.cpp(1091): warning C4244: '인수': 'int'에서 'Gdiplus::REAL'(으)로 변환하면서 데이터가 손실될 수 있습니다.
c:\users\newki\onedrive\문서\visual studio 2015\sga\181001_directx9\windirect\winapi\imageplus.cpp(1094): warning C4244: '인수': 'float'에서 'INT'(으)로 변환하면서 데이터가 손실될 수 있습니다.
c:\users\newki\onedrive\문서\visual studio 2015\sga\181001_directx9\windirect\winapi\imageplus.cpp(1115): warning C4244: '인수': 'int'에서 'Gdiplus::REAL'(으)로 변환하면서 데이터가 손실될 수 있습니다.
c:\users\newki\onedrive\문서\visual studio 2015\sga\181001_directx9\windirect\winapi\imageplus.cpp(1123): warning C4244: '인수': 'int'에서 'Gdiplus::REAL'(으)로 변환하면서 데이터가 손실될 수 있습니다.
c:\users\newki\onedrive\문서\visual studio 2015\sga\181001_directx9\windirect\winapi\imageplus.cpp(1165): warning C4244: '인수': 'int'에서 'Gdiplus::REAL'(으)로 변환하면서 데이터가 손실될 수 있습니다.
c:\users\newki\onedrive\문서\visual studio 2015\sga\181001_directx9\windirect\winapi\imageplus.cpp(1168): warning C4244: '인수': 'float'에서 'INT'(으)로 변환하면서 데이터가 손실될 수 있습니다.
c:\users\newki\onedrive\문서\visual studio 2015\sga\181001_directx9\windirect\winapi\imageplus.cpp(1201): warning C4244: '인수': 'int'에서 'Gdiplus::REAL'(으)로 변환하면서 데이터가 손실될 수 있습니다.
c:\users\newki\onedrive\문서\visual studio 2015\sga\181001_directx9\windirect\winapi\imageplus.cpp(1209): warning C4244: '인수': 'int'에서 'Gdiplus::REAL'(으)로 변환하면서 데이터가 손실될 수 있습니다.
c:\users\newki\onedrive\문서\visual studio 2015\sga\181001_directx9\windirect\winapi\imageplus.cpp(1212): warning C4244: '인수': 'float'에서 'INT'(으)로 변환하면서 데이터가 손실될 수 있습니다.
c:\users\newki\onedrive\문서\visual studio 2015\sga\181001_directx9\windirect\winapi\imageplus.cpp(1243): warning C4244: '인수': 'int'에서 'Gdiplus::REAL'(으)로 변환하면서 데이터가 손실될 수 있습니다.
c:\users\newki\onedrive\문서\visual studio 2015\sga\181001_directx9\windirect\winapi\imageplus.cpp(1246): warning C4244: '인수': 'float'에서 'INT'(으)로 변환하면서 데이터가 손실될 수 있습니다.
c:\users\newki\onedrive\문서\visual studio 2015\sga\181001_directx9\windirect\winapi\imageplus.cpp(1267): warning C4244: '인수': 'int'에서 'Gdiplus::REAL'(으)로 변환하면서 데이터가 손실될 수 있습니다.
c:\users\newki\onedrive\문서\visual studio 2015\sga\181001_directx9\windirect\winapi\imageplus.cpp(1275): warning C4244: '인수': 'int'에서 'Gdiplus::REAL'(으)로 변환하면서 데이터가 손실될 수 있습니다.
c:\users\newki\onedrive\문서\visual studio 2015\sga\181001_directx9\windirect\winapi\imageplus.cpp(1317): warning C4244: '인수': 'int'에서 'Gdiplus::REAL'(으)로 변환하면서 데이터가 손실될 수 있습니다.
c:\users\newki\onedrive\문서\visual studio 2015\sga\181001_directx9\windirect\winapi\imageplus.cpp(1320): warning C4244: '인수': 'float'에서 'INT'(으)로 변환하면서 데이터가 손실될 수 있습니다.
c:\users\newki\onedrive\문서\visual studio 2015\sga\181001_directx9\windirect\winapi\imageplus.cpp(1353): warning C4244: '인수': 'int'에서 'Gdiplus::REAL'(으)로 변환하면서 데이터가 손실될 수 있습니다.
c:\users\newki\onedrive\문서\visual studio 2015\sga\181001_directx9\windirect\winapi\imageplus.cpp(1361): warning C4244: '인수': 'int'에서 'Gdiplus::REAL'(으)로 변환하면서 데이터가 손실될 수 있습니다.
  imageManager.cpp
c:\users\newki\onedrive\문서\visual studio 2015\sga\181001_directx9\windirect\winapi\commonmacrofunction.h(207): warning C4244: '초기화 중': 'LONG'에서 'float'(으)로 변환하면서 데이터가 손실될 수 있습니다.
  image.cpp
c:\users\newki\onedrive\문서\visual studio 2015\sga\181001_directx9\windirect\winapi\commonmacrofunction.h(207): warning C4244: '초기화 중': 'LONG'에서 'float'(으)로 변환하면서 데이터가 손실될 수 있습니다.
c:\users\newki\onedrive\문서\visual studio 2015\sga\181001_directx9\windirect\winapi\animation.h(73): warning C4267: 'return': 'size_t'에서 'int'(으)로 변환하면서 데이터가 손실될 수 있습니다.
c:\users\newki\onedrive\문서\visual studio 2015\sga\181001_directx9\windirect\winapi\image.cpp(139): warning C4267: '초기화 중': 'size_t'에서 'int'(으)로 변환하면서 데이터가 손실될 수 있습니다.
c:\users\newki\onedrive\문서\visual studio 2015\sga\181001_directx9\windirect\winapi\image.cpp(190): warning C4267: '초기화 중': 'size_t'에서 'int'(으)로 변환하면서 데이터가 손실될 수 있습니다.
c:\users\newki\onedrive\문서\visual studio 2015\sga\181001_directx9\windirect\winapi\image.cpp(237): warning C4267: '초기화 중': 'size_t'에서 'int'(으)로 변환하면서 데이터가 손실될 수 있습니다.
c:\users\newki\onedrive\문서\visual studio 2015\sga\181001_directx9\windirect\winapi\image.cpp(286): warning C4267: '초기화 중': 'size_t'에서 'int'(으)로 변환하면서 데이터가 손실될 수 있습니다.
c:\users\newki\onedrive\문서\visual studio 2015\sga\181001_directx9\windirect\winapi\image.cpp(318): warning C4244: '인수': 'float'에서 'int'(으)로 변환하면서 데이터가 손실될 수 있습니다.
c:\users\newki\onedrive\문서\visual studio 2015\sga\181001_directx9\windirect\winapi\image.cpp(320): warning C4244: '=': 'float'에서 'int'(으)로 변환하면서 데이터가 손실될 수 있습니다.
c:\users\newki\onedrive\문서\visual studio 2015\sga\181001_directx9\windirect\winapi\image.cpp(321): warning C4244: '=': 'float'에서 'int'(으)로 변환하면서 데이터가 손실될 수 있습니다.
  gameNode.cpp
c:\users\newki\onedrive\문서\visual studio 2015\sga\181001_directx9\windirect\winapi\commonmacrofunction.h(207): warning C4244: '초기화 중': 'LONG'에서 'float'(으)로 변환하면서 데이터가 손실될 수 있습니다.
c:\users\newki\onedrive\문서\visual studio 2015\sga\181001_directx9\windirect\winapi\gamenode.cpp(156): warning C4244: '인수': 'WPARAM'에서 'int'(으)로 변환하면서 데이터가 손실될 수 있습니다.
  cameraManager.cpp
c:\users\newki\onedrive\문서\visual studio 2015\sga\181001_directx9\windirect\winapi\commonmacrofunction.h(207): warning C4244: '초기화 중': 'LONG'에서 'float'(으)로 변환하면서 데이터가 손실될 수 있습니다.
  camera.cpp
c:\users\newki\onedrive\문서\visual studio 2015\sga\181001_directx9\windirect\winapi\commonmacrofunction.h(207): warning C4244: '초기화 중': 'LONG'에서 'float'(으)로 변환하면서 데이터가 손실될 수 있습니다.
c:\users\newki\onedrive\문서\visual studio 2015\sga\181001_directx9\windirect\winapi\camera.cpp(66): warning C4244: '+=': 'float'에서 'LONG'(으)로 변환하면서 데이터가 손실될 수 있습니다.
c:\users\newki\onedrive\문서\visual studio 2015\sga\181001_directx9\windirect\winapi\camera.cpp(67): warning C4244: '+=': 'float'에서 'LONG'(으)로 변환하면서 데이터가 손실될 수 있습니다.
  코드를 생성하고 있습니다...
c:\users\newki\onedrive\문서\visual studio 2015\sga\181001_directx9\windirect\winapi\inidata.cpp(86): warning C4172: 지역 변수 또는 임시: data의 주소를 반환하고 있습니다.
c:\users\newki\onedrive\문서\visual studio 2015\sga\181001_directx9\windirect\winapi\txtdatamanager.cpp(46): warning C4172: 지역 변수 또는 임시: str의 주소를 반환하고 있습니다.
  컴파일하고 있습니다...
  animationGroup.cpp
c:\users\newki\onedrive\문서\visual studio 2015\sga\181001_directx9\windirect\winapi\commonmacrofunction.h(207): warning C4244: '초기화 중': 'LONG'에서 'float'(으)로 변환하면서 데이터가 손실될 수 있습니다.
c:\users\newki\onedrive\문서\visual studio 2015\sga\181001_directx9\windirect\winapi\animation.h(73): warning C4267: 'return': 'size_t'에서 'int'(으)로 변환하면서 데이터가 손실될 수 있습니다.
  animation.cpp
c:\users\newki\onedrive\문서\visual studio 2015\sga\181001_directx9\windirect\winapi\commonmacrofunction.h(207): warning C4244: '초기화 중': 'LONG'에서 'float'(으)로 변환하면서 데이터가 손실될 수 있습니다.
c:\users\newki\onedrive\문서\visual studio 2015\sga\181001_directx9\windirect\winapi\animation.h(73): warning C4267: 'return': 'size_t'에서 'int'(으)로 변환하면서 데이터가 손실될 수 있습니다.
c:\users\newki\onedrive\문서\visual studio 2015\sga\181001_directx9\windirect\winapi\animation.cpp(275): warning C4267: '초기화 중': 'size_t'에서 'int'(으)로 변환하면서 데이터가 손실될 수 있습니다.
  JsonSaveLoader.cpp
c:\users\newki\onedrive\문서\visual studio 2015\sga\181001_directx9\windirect\winapi\commonmacrofunction.h(207): warning C4244: '초기화 중': 'LONG'에서 'float'(으)로 변환하면서 데이터가 손실될 수 있습니다.
c:\users\newki\onedrive\문서\visual studio 2015\sga\181001_directx9\windirect\winapi\jsonsaveloader.cpp(66): warning C4267: '인수': 'size_t'에서 'DWORD'(으)로 변환하면서 데이터가 손실될 수 있습니다.
  코드를 생성하고 있습니다...
JsonSaveLoader.obj : error LNK2019: "public: __cdecl Json::Value::Value(enum Json::ValueType)" (??0Value@Json@@QEAA@W4ValueType@1@@Z) 외부 기호(참조 위치: "public: class Json::Value __cdecl JsonSaveLoader::loadJsonFile(char *)" (?loadJsonFile@JsonSaveLoader@@QEAA?AVValue@Json@@PEAD@Z) 함수)에서 확인하지 못했습니다.
JsonSaveLoader.obj : error LNK2019: "public: __cdecl Json::Value::Value(int)" (??0Value@Json@@QEAA@H@Z) 외부 기호(참조 위치: "public: class Json::Value __cdecl JsonSaveLoader::loadJsonFile(char *)" (?loadJsonFile@JsonSaveLoader@@QEAA?AVValue@Json@@PEAD@Z) 함수)에서 확인하지 못했습니다.
JsonSaveLoader.obj : error LNK2019: "public: __cdecl Json::Value::Value(class Json::Value const &)" (??0Value@Json@@QEAA@AEBV01@@Z) 외부 기호(참조 위치: "public: class Json::Value __cdecl JsonSaveLoader::loadJsonFile(char *)" (?loadJsonFile@JsonSaveLoader@@QEAA?AVValue@Json@@PEAD@Z) 함수)에서 확인하지 못했습니다.
JsonSaveLoader.obj : error LNK2019: "public: __cdecl Json::Value::~Value(void)" (??1Value@Json@@QEAA@XZ) 외부 기호(참조 위치: "public: class Json::Value __cdecl JsonSaveLoader::loadJsonFile(char *)" (?loadJsonFile@JsonSaveLoader@@QEAA?AVValue@Json@@PEAD@Z) 함수)에서 확인하지 못했습니다.
JsonSaveLoader.obj : error LNK2019: "public: __cdecl Json::Reader::Reader(void)" (??0Reader@Json@@QEAA@XZ) 외부 기호(참조 위치: "public: class Json::Value __cdecl JsonSaveLoader::loadJsonFile(char *)" (?loadJsonFile@JsonSaveLoader@@QEAA?AVValue@Json@@PEAD@Z) 함수)에서 확인하지 못했습니다.
JsonSaveLoader.obj : error LNK2019: "public: bool __cdecl Json::Reader::parse(class std::basic_string<char,struct std::char_traits<char>,class std::allocator<char> > const &,class Json::Value &,bool)" (?parse@Reader@Json@@QEAA_NAEBV?$basic_string@DU?$char_traits@D@std@@V?$allocator@D@2@@std@@AEAVValue@2@_N@Z) 외부 기호(참조 위치: "public: class Json::Value __cdecl JsonSaveLoader::loadJsonFile(char *)" (?loadJsonFile@JsonSaveLoader@@QEAA?AVValue@Json@@PEAD@Z) 함수)에서 확인하지 못했습니다.
JsonSaveLoader.obj : error LNK2019: "public: class std::basic_string<char,struct std::char_traits<char>,class std::allocator<char> > __cdecl Json::Reader::getFormatedErrorMessages(void)const " (?getFormatedErrorMessages@Reader@Json@@QEBA?AV?$basic_string@DU?$char_traits@D@std@@V?$allocator@D@2@@std@@XZ) 외부 기호(참조 위치: "public: class Json::Value __cdecl JsonSaveLoader::loadJsonFile(char *)" (?loadJsonFile@JsonSaveLoader@@QEAA?AVValue@Json@@PEAD@Z) 함수)에서 확인하지 못했습니다.
JsonSaveLoader.obj : error LNK2019: "public: virtual __cdecl Json::Writer::~Writer(void)" (??1Writer@Json@@UEAA@XZ) 외부 기호(참조 위치: "public: virtual __cdecl Json::StyledWriter::~StyledWriter(void)" (??1StyledWriter@Json@@UEAA@XZ) 함수)에서 확인하지 못했습니다.
JsonSaveLoader.obj : error LNK2019: "public: __cdecl Json::StyledWriter::StyledWriter(void)" (??0StyledWriter@Json@@QEAA@XZ) 외부 기호(참조 위치: "public: void __cdecl JsonSaveLoader::saveJsonFile(char *,class Json::Value)" (?saveJsonFile@JsonSaveLoader@@QEAAXPEADVValue@Json@@@Z) 함수)에서 확인하지 못했습니다.
JsonSaveLoader.obj : error LNK2019: "public: virtual class std::basic_string<char,struct std::char_traits<char>,class std::allocator<char> > __cdecl Json::StyledWriter::write(class Json::Value const &)" (?write@StyledWriter@Json@@UEAA?AV?$basic_string@DU?$char_traits@D@std@@V?$allocator@D@2@@std@@AEBVValue@2@@Z) 외부 기호(참조 위치: "public: void __cdecl JsonSaveLoader::saveJsonFile(char *,class Json::Value)" (?saveJsonFile@JsonSaveLoader@@QEAAXPEADVValue@Json@@@Z) 함수)에서 확인하지 못했습니다.
json_vc71_libmtd.lib : warning LNK4272: 'X86' 라이브러리 컴퓨터 종류가 'x64' 대상 컴퓨터 종류와 충돌합니다.
C:\Users\newki\OneDrive\문서\Visual Studio 2015\SGA\181001_directX9\winDirect\x64\Debug\winDirect.exe : fatal error LNK1120: 10개의 확인할 수 없는 외부 참조입니다.
